{"C:\\Users\\giova\\Desktop\\trabalhoweb\\Docker\\src\\domain\\entities\\Jogo.ts": {"path":"C:\\Users\\giova\\Desktop\\trabalhoweb\\Docker\\src\\domain\\entities\\Jogo.ts","statementMap":{"0":{"start":{"line":8,"column":17},"end":{"line":8,"column":31}},"1":{"start":{"line":9,"column":17},"end":{"line":9,"column":39}},"2":{"start":{"line":10,"column":17},"end":{"line":10,"column":37}},"3":{"start":{"line":11,"column":17},"end":{"line":11,"column":25}},"4":{"start":{"line":12,"column":17},"end":{"line":12,"column":47}},"5":{"start":{"line":21,"column":8},"end":{"line":21,"column":null}},"6":{"start":{"line":6,"column":0},"end":{"line":6,"column":13}}},"fnMap":{"0":{"name":"(anonymous_0)","decl":{"start":{"line":7,"column":4},"end":{"line":7,"column":null}},"loc":{"start":{"line":12,"column":47},"end":{"line":13,"column":9}}},"1":{"name":"(anonymous_1)","decl":{"start":{"line":14,"column":4},"end":{"line":14,"column":10}},"loc":{"start":{"line":19,"column":38},"end":{"line":22,"column":5}}}},"branchMap":{},"s":{"0":18,"1":18,"2":18,"3":18,"4":18,"5":18,"6":4},"f":{"0":18,"1":18},"b":{}}
,"C:\\Users\\giova\\Desktop\\trabalhoweb\\Docker\\src\\domain\\entities\\User.ts": {"path":"C:\\Users\\giova\\Desktop\\trabalhoweb\\Docker\\src\\domain\\entities\\User.ts","statementMap":{"0":{"start":{"line":6,"column":17},"end":{"line":6,"column":27}},"1":{"start":{"line":7,"column":17},"end":{"line":7,"column":29}},"2":{"start":{"line":8,"column":17},"end":{"line":8,"column":35}},"3":{"start":{"line":15,"column":8},"end":{"line":15,"column":null}},"4":{"start":{"line":4,"column":0},"end":{"line":4,"column":13}}},"fnMap":{"0":{"name":"(anonymous_0)","decl":{"start":{"line":5,"column":4},"end":{"line":5,"column":null}},"loc":{"start":{"line":8,"column":35},"end":{"line":9,"column":9}}},"1":{"name":"(anonymous_1)","decl":{"start":{"line":10,"column":4},"end":{"line":10,"column":10}},"loc":{"start":{"line":13,"column":26},"end":{"line":16,"column":5}}}},"branchMap":{},"s":{"0":14,"1":14,"2":14,"3":14,"4":5},"f":{"0":14,"1":14},"b":{}}
,"C:\\Users\\giova\\Desktop\\trabalhoweb\\Docker\\src\\domain\\use-cases\\DeleteUser.ts": {"path":"C:\\Users\\giova\\Desktop\\trabalhoweb\\Docker\\src\\domain\\use-cases\\DeleteUser.ts","statementMap":{"0":{"start":{"line":4,"column":34},"end":{"line":4,"column":65}},"1":{"start":{"line":7,"column":21},"end":{"line":7,"column":27}},"2":{"start":{"line":9,"column":21},"end":{"line":9,"column":59}},"3":{"start":{"line":11,"column":8},"end":{"line":13,"column":9}},"4":{"start":{"line":12,"column":12},"end":{"line":12,"column":46}},"5":{"start":{"line":15,"column":8},"end":{"line":15,"column":45}},"6":{"start":{"line":3,"column":0},"end":{"line":3,"column":13}}},"fnMap":{"0":{"name":"(anonymous_7)","decl":{"start":{"line":4,"column":4},"end":{"line":4,"column":34}},"loc":{"start":{"line":4,"column":65},"end":{"line":4,"column":69}}},"1":{"name":"(anonymous_8)","decl":{"start":{"line":6,"column":10},"end":{"line":6,"column":17}},"loc":{"start":{"line":6,"column":38},"end":{"line":16,"column":null}}}},"branchMap":{"0":{"loc":{"start":{"line":11,"column":8},"end":{"line":13,"column":9}},"type":"if","locations":[{"start":{"line":11,"column":8},"end":{"line":13,"column":9}},{"start":{},"end":{}}]}},"s":{"0":2,"1":2,"2":2,"3":2,"4":1,"5":1,"6":1},"f":{"0":2,"1":2},"b":{"0":[1,1]}}
,"C:\\Users\\giova\\Desktop\\trabalhoweb\\Docker\\src\\domain\\use-cases\\EditJogo.ts": {"path":"C:\\Users\\giova\\Desktop\\trabalhoweb\\Docker\\src\\domain\\use-cases\\EditJogo.ts","statementMap":{"0":{"start":{"line":1,"column":0},"end":{"line":1,"column":40}},"1":{"start":{"line":3,"column":0},"end":{"line":3,"column":57}},"2":{"start":{"line":4,"column":0},"end":{"line":4,"column":55}},"3":{"start":{"line":5,"column":0},"end":{"line":5,"column":65}},"4":{"start":{"line":6,"column":0},"end":{"line":6,"column":43}},"5":{"start":{"line":9,"column":31},"end":{"line":9,"column":57}},"6":{"start":{"line":18,"column":90},"end":{"line":18,"column":96}},"7":{"start":{"line":20,"column":25},"end":{"line":20,"column":67}},"8":{"start":{"line":21,"column":4},"end":{"line":23,"column":5}},"9":{"start":{"line":22,"column":6},"end":{"line":22,"column":45}},"10":{"start":{"line":25,"column":19},"end":{"line":25,"column":75}},"11":{"start":{"line":26,"column":19},"end":{"line":26,"column":73}},"12":{"start":{"line":27,"column":18},"end":{"line":27,"column":58}},"13":{"start":{"line":28,"column":19},"end":{"line":28,"column":83}},"14":{"start":{"line":30,"column":24},"end":{"line":35,"column":null}},"15":{"start":{"line":38,"column":4},"end":{"line":38,"column":50}},"16":{"start":{"line":40,"column":4},"end":{"line":40,"column":23}},"17":{"start":{"line":8,"column":0},"end":{"line":8,"column":13}}},"fnMap":{"0":{"name":"(anonymous_7)","decl":{"start":{"line":9,"column":2},"end":{"line":9,"column":31}},"loc":{"start":{"line":9,"column":57},"end":{"line":9,"column":61}}},"1":{"name":"(anonymous_8)","decl":{"start":{"line":11,"column":8},"end":{"line":11,"column":15}},"loc":{"start":{"line":17,"column":3},"end":{"line":41,"column":null}}}},"branchMap":{"0":{"loc":{"start":{"line":21,"column":4},"end":{"line":23,"column":5}},"type":"if","locations":[{"start":{"line":21,"column":4},"end":{"line":23,"column":5}},{"start":{},"end":{}}]},"1":{"loc":{"start":{"line":25,"column":19},"end":{"line":25,"column":75}},"type":"cond-expr","locations":[{"start":{"line":25,"column":26},"end":{"line":25,"column":49}},{"start":{"line":25,"column":52},"end":{"line":25,"column":75}}]},"2":{"loc":{"start":{"line":26,"column":19},"end":{"line":26,"column":73}},"type":"cond-expr","locations":[{"start":{"line":26,"column":26},"end":{"line":26,"column":48}},{"start":{"line":26,"column":51},"end":{"line":26,"column":73}}]},"3":{"loc":{"start":{"line":27,"column":18},"end":{"line":27,"column":58}},"type":"cond-expr","locations":[{"start":{"line":27,"column":24},"end":{"line":27,"column":39}},{"start":{"line":27,"column":42},"end":{"line":27,"column":58}}]},"4":{"loc":{"start":{"line":28,"column":19},"end":{"line":28,"column":83}},"type":"cond-expr","locations":[{"start":{"line":28,"column":26},"end":{"line":28,"column":53}},{"start":{"line":28,"column":56},"end":{"line":28,"column":83}}]}},"s":{"0":1,"1":1,"2":1,"3":1,"4":1,"5":2,"6":2,"7":2,"8":2,"9":1,"10":1,"11":1,"12":1,"13":1,"14":1,"15":1,"16":1,"17":1},"f":{"0":2,"1":2},"b":{"0":[1,1],"1":[1,0],"2":[1,0],"3":[0,1],"4":[0,1]}}
,"C:\\Users\\giova\\Desktop\\trabalhoweb\\Docker\\src\\domain\\use-cases\\LoginUser.ts": {"path":"C:\\Users\\giova\\Desktop\\trabalhoweb\\Docker\\src\\domain\\use-cases\\LoginUser.ts","statementMap":{"0":{"start":{"line":5,"column":33},"end":{"line":5,"column":64}},"1":{"start":{"line":11,"column":34},"end":{"line":11,"column":40}},"2":{"start":{"line":13,"column":21},"end":{"line":13,"column":65}},"3":{"start":{"line":15,"column":8},"end":{"line":17,"column":9}},"4":{"start":{"line":16,"column":12},"end":{"line":16,"column":51}},"5":{"start":{"line":19,"column":32},"end":{"line":21,"column":null}},"6":{"start":{"line":24,"column":12},"end":{"line":26,"column":13}},"7":{"start":{"line":25,"column":12},"end":{"line":25,"column":51}},"8":{"start":{"line":28,"column":12},"end":{"line":28,"column":24}},"9":{"start":{"line":35,"column":12},"end":{"line":35,"column":59}},"10":{"start":{"line":4,"column":0},"end":{"line":4,"column":13}}},"fnMap":{"0":{"name":"(anonymous_7)","decl":{"start":{"line":5,"column":4},"end":{"line":5,"column":33}},"loc":{"start":{"line":5,"column":64},"end":{"line":5,"column":70}}},"1":{"name":"(anonymous_8)","decl":{"start":{"line":7,"column":10},"end":{"line":7,"column":17}},"loc":{"start":{"line":10,"column":5},"end":{"line":29,"column":null}}},"2":{"name":"(anonymous_10)","decl":{"start":{"line":31,"column":22},"end":{"line":31,"column":37}},"loc":{"start":{"line":33,"column":34},"end":{"line":36,"column":null}}}},"branchMap":{"0":{"loc":{"start":{"line":15,"column":8},"end":{"line":17,"column":9}},"type":"if","locations":[{"start":{"line":15,"column":8},"end":{"line":17,"column":9}},{"start":{},"end":{}}]},"1":{"loc":{"start":{"line":24,"column":12},"end":{"line":26,"column":13}},"type":"if","locations":[{"start":{"line":24,"column":12},"end":{"line":26,"column":13}},{"start":{},"end":{}}]}},"s":{"0":3,"1":3,"2":3,"3":3,"4":1,"5":2,"6":2,"7":2,"8":0,"9":2,"10":1},"f":{"0":3,"1":3,"2":2},"b":{"0":[1,2],"1":[2,0]}}
,"C:\\Users\\giova\\Desktop\\trabalhoweb\\Docker\\src\\domain\\use-cases\\RegisterJogo.ts": {"path":"C:\\Users\\giova\\Desktop\\trabalhoweb\\Docker\\src\\domain\\use-cases\\RegisterJogo.ts","statementMap":{"0":{"start":{"line":1,"column":0},"end":{"line":1,"column":40}},"1":{"start":{"line":3,"column":0},"end":{"line":3,"column":57}},"2":{"start":{"line":4,"column":0},"end":{"line":4,"column":55}},"3":{"start":{"line":5,"column":0},"end":{"line":5,"column":65}},"4":{"start":{"line":6,"column":0},"end":{"line":6,"column":43}},"5":{"start":{"line":9,"column":31},"end":{"line":9,"column":57}},"6":{"start":{"line":17,"column":82},"end":{"line":17,"column":88}},"7":{"start":{"line":19,"column":19},"end":{"line":19,"column":42}},"8":{"start":{"line":20,"column":24},"end":{"line":20,"column":46}},"9":{"start":{"line":21,"column":18},"end":{"line":21,"column":33}},"10":{"start":{"line":22,"column":19},"end":{"line":22,"column":46}},"11":{"start":{"line":24,"column":19},"end":{"line":24,"column":54}},"12":{"start":{"line":26,"column":17},"end":{"line":26,"column":72}},"13":{"start":{"line":28,"column":4},"end":{"line":28,"column":41}},"14":{"start":{"line":30,"column":4},"end":{"line":30,"column":16}},"15":{"start":{"line":8,"column":0},"end":{"line":8,"column":13}}},"fnMap":{"0":{"name":"(anonymous_7)","decl":{"start":{"line":9,"column":2},"end":{"line":9,"column":31}},"loc":{"start":{"line":9,"column":57},"end":{"line":9,"column":61}}},"1":{"name":"(anonymous_8)","decl":{"start":{"line":11,"column":8},"end":{"line":11,"column":15}},"loc":{"start":{"line":16,"column":3},"end":{"line":31,"column":null}}}},"branchMap":{},"s":{"0":1,"1":1,"2":1,"3":1,"4":1,"5":2,"6":2,"7":2,"8":2,"9":2,"10":1,"11":1,"12":1,"13":1,"14":1,"15":1},"f":{"0":2,"1":2},"b":{}}
,"C:\\Users\\giova\\Desktop\\trabalhoweb\\Docker\\src\\domain\\use-cases\\RegisterUser.ts": {"path":"C:\\Users\\giova\\Desktop\\trabalhoweb\\Docker\\src\\domain\\use-cases\\RegisterUser.ts","statementMap":{"0":{"start":{"line":1,"column":0},"end":{"line":1,"column":40}},"1":{"start":{"line":3,"column":0},"end":{"line":3,"column":47}},"2":{"start":{"line":4,"column":0},"end":{"line":4,"column":53}},"3":{"start":{"line":7,"column":31},"end":{"line":7,"column":62}},"4":{"start":{"line":13,"column":32},"end":{"line":13,"column":38}},"5":{"start":{"line":15,"column":23},"end":{"line":15,"column":67}},"6":{"start":{"line":17,"column":4},"end":{"line":19,"column":5}},"7":{"start":{"line":18,"column":6},"end":{"line":18,"column":45}},"8":{"start":{"line":21,"column":27},"end":{"line":21,"column":60}},"9":{"start":{"line":23,"column":17},"end":{"line":26,"column":null}},"10":{"start":{"line":29,"column":4},"end":{"line":29,"column":41}},"11":{"start":{"line":31,"column":4},"end":{"line":31,"column":16}},"12":{"start":{"line":35,"column":4},"end":{"line":35,"column":32}},"13":{"start":{"line":6,"column":0},"end":{"line":6,"column":13}}},"fnMap":{"0":{"name":"(anonymous_7)","decl":{"start":{"line":7,"column":2},"end":{"line":7,"column":31}},"loc":{"start":{"line":7,"column":62},"end":{"line":7,"column":66}}},"1":{"name":"(anonymous_8)","decl":{"start":{"line":9,"column":8},"end":{"line":9,"column":15}},"loc":{"start":{"line":12,"column":3},"end":{"line":32,"column":null}}},"2":{"name":"(anonymous_10)","decl":{"start":{"line":34,"column":16},"end":{"line":34,"column":28}},"loc":{"start":{"line":34,"column":45},"end":{"line":36,"column":null}}}},"branchMap":{"0":{"loc":{"start":{"line":17,"column":4},"end":{"line":19,"column":5}},"type":"if","locations":[{"start":{"line":17,"column":4},"end":{"line":19,"column":5}},{"start":{},"end":{}}]}},"s":{"0":1,"1":1,"2":1,"3":2,"4":3,"5":3,"6":3,"7":1,"8":2,"9":2,"10":2,"11":2,"12":2,"13":1},"f":{"0":2,"1":3,"2":2},"b":{"0":[1,2]}}
,"C:\\Users\\giova\\Desktop\\trabalhoweb\\Docker\\src\\domain\\use-cases\\RemoveJogo.ts": {"path":"C:\\Users\\giova\\Desktop\\trabalhoweb\\Docker\\src\\domain\\use-cases\\RemoveJogo.ts","statementMap":{"0":{"start":{"line":4,"column":31},"end":{"line":4,"column":57}},"1":{"start":{"line":7,"column":17},"end":{"line":7,"column":59}},"2":{"start":{"line":9,"column":4},"end":{"line":11,"column":5}},"3":{"start":{"line":10,"column":6},"end":{"line":10,"column":45}},"4":{"start":{"line":13,"column":4},"end":{"line":13,"column":45}},"5":{"start":{"line":3,"column":0},"end":{"line":3,"column":13}}},"fnMap":{"0":{"name":"(anonymous_7)","decl":{"start":{"line":4,"column":2},"end":{"line":4,"column":31}},"loc":{"start":{"line":4,"column":57},"end":{"line":4,"column":61}}},"1":{"name":"(anonymous_8)","decl":{"start":{"line":6,"column":8},"end":{"line":6,"column":15}},"loc":{"start":{"line":6,"column":30},"end":{"line":14,"column":null}}}},"branchMap":{"0":{"loc":{"start":{"line":9,"column":4},"end":{"line":11,"column":5}},"type":"if","locations":[{"start":{"line":9,"column":4},"end":{"line":11,"column":5}},{"start":{},"end":{}}]}},"s":{"0":2,"1":2,"2":2,"3":1,"4":1,"5":1},"f":{"0":2,"1":2},"b":{"0":[1,1]}}
,"C:\\Users\\giova\\Desktop\\trabalhoweb\\Docker\\src\\domain\\use-cases\\UpdateUser.ts": {"path":"C:\\Users\\giova\\Desktop\\trabalhoweb\\Docker\\src\\domain\\use-cases\\UpdateUser.ts","statementMap":{"0":{"start":{"line":1,"column":0},"end":{"line":1,"column":40}},"1":{"start":{"line":3,"column":0},"end":{"line":3,"column":47}},"2":{"start":{"line":7,"column":33},"end":{"line":7,"column":64}},"3":{"start":{"line":13,"column":30},"end":{"line":13,"column":36}},"4":{"start":{"line":15,"column":21},"end":{"line":15,"column":59}},"5":{"start":{"line":17,"column":8},"end":{"line":19,"column":9}},"6":{"start":{"line":18,"column":8},"end":{"line":18,"column":42}},"7":{"start":{"line":21,"column":25},"end":{"line":21,"column":65}},"8":{"start":{"line":23,"column":28},"end":{"line":26,"column":null}},"9":{"start":{"line":29,"column":8},"end":{"line":29,"column":54}},"10":{"start":{"line":31,"column":8},"end":{"line":31,"column":27}},"11":{"start":{"line":6,"column":0},"end":{"line":6,"column":13}}},"fnMap":{"0":{"name":"(anonymous_7)","decl":{"start":{"line":7,"column":4},"end":{"line":7,"column":33}},"loc":{"start":{"line":7,"column":64},"end":{"line":7,"column":68}}},"1":{"name":"(anonymous_8)","decl":{"start":{"line":9,"column":10},"end":{"line":9,"column":17}},"loc":{"start":{"line":12,"column":5},"end":{"line":32,"column":null}}}},"branchMap":{"0":{"loc":{"start":{"line":17,"column":8},"end":{"line":19,"column":9}},"type":"if","locations":[{"start":{"line":17,"column":8},"end":{"line":19,"column":9}},{"start":{},"end":{}}]},"1":{"loc":{"start":{"line":21,"column":25},"end":{"line":21,"column":65}},"type":"cond-expr","locations":[{"start":{"line":21,"column":33},"end":{"line":21,"column":52}},{"start":{"line":21,"column":55},"end":{"line":21,"column":65}}]}},"s":{"0":1,"1":1,"2":2,"3":2,"4":2,"5":2,"6":1,"7":1,"8":1,"9":1,"10":1,"11":1},"f":{"0":2,"1":2},"b":{"0":[1,1],"1":[0,1]}}
,"C:\\Users\\giova\\Desktop\\trabalhoweb\\Docker\\src\\domain\\value-objects\\DataLancamento.ts": {"path":"C:\\Users\\giova\\Desktop\\trabalhoweb\\Docker\\src\\domain\\value-objects\\DataLancamento.ts","statementMap":{"0":{"start":{"line":2,"column":38},"end":{"line":2,"column":49}},"1":{"start":{"line":5,"column":4},"end":{"line":7,"column":5}},"2":{"start":{"line":6,"column":6},"end":{"line":6,"column":54}},"3":{"start":{"line":9,"column":17},"end":{"line":9,"column":27}},"4":{"start":{"line":10,"column":4},"end":{"line":12,"column":5}},"5":{"start":{"line":11,"column":6},"end":{"line":11,"column":70}},"6":{"start":{"line":14,"column":4},"end":{"line":14,"column":37}},"7":{"start":{"line":1,"column":0},"end":{"line":1,"column":13}}},"fnMap":{"0":{"name":"(anonymous_0)","decl":{"start":{"line":2,"column":2},"end":{"line":2,"column":38}},"loc":{"start":{"line":2,"column":49},"end":{"line":2,"column":53}}},"1":{"name":"(anonymous_1)","decl":{"start":{"line":4,"column":2},"end":{"line":4,"column":8}},"loc":{"start":{"line":4,"column":27},"end":{"line":15,"column":3}}}},"branchMap":{"0":{"loc":{"start":{"line":5,"column":4},"end":{"line":7,"column":5}},"type":"if","locations":[{"start":{"line":5,"column":4},"end":{"line":7,"column":5}},{"start":{},"end":{}}]},"1":{"loc":{"start":{"line":5,"column":8},"end":{"line":5,"column":58}},"type":"binary-expr","locations":[{"start":{"line":5,"column":8},"end":{"line":5,"column":32}},{"start":{"line":5,"column":36},"end":{"line":5,"column":58}}]},"2":{"loc":{"start":{"line":10,"column":4},"end":{"line":12,"column":5}},"type":"if","locations":[{"start":{"line":10,"column":4},"end":{"line":12,"column":5}},{"start":{},"end":{}}]}},"s":{"0":17,"1":19,"2":1,"3":18,"4":18,"5":1,"6":17,"7":5},"f":{"0":17,"1":19},"b":{"0":[1,18],"1":[19,18],"2":[1,17]}}
,"C:\\Users\\giova\\Desktop\\trabalhoweb\\Docker\\src\\domain\\value-objects\\Descricao.ts": {"path":"C:\\Users\\giova\\Desktop\\trabalhoweb\\Docker\\src\\domain\\value-objects\\Descricao.ts","statementMap":{"0":{"start":{"line":2,"column":38},"end":{"line":2,"column":51}},"1":{"start":{"line":5,"column":4},"end":{"line":7,"column":5}},"2":{"start":{"line":6,"column":6},"end":{"line":6,"column":59}},"3":{"start":{"line":8,"column":4},"end":{"line":10,"column":5}},"4":{"start":{"line":9,"column":6},"end":{"line":9,"column":75}},"5":{"start":{"line":11,"column":4},"end":{"line":11,"column":39}},"6":{"start":{"line":1,"column":0},"end":{"line":1,"column":13}}},"fnMap":{"0":{"name":"(anonymous_0)","decl":{"start":{"line":2,"column":2},"end":{"line":2,"column":38}},"loc":{"start":{"line":2,"column":51},"end":{"line":2,"column":55}}},"1":{"name":"(anonymous_1)","decl":{"start":{"line":4,"column":2},"end":{"line":4,"column":8}},"loc":{"start":{"line":4,"column":29},"end":{"line":12,"column":3}}}},"branchMap":{"0":{"loc":{"start":{"line":5,"column":4},"end":{"line":7,"column":5}},"type":"if","locations":[{"start":{"line":5,"column":4},"end":{"line":7,"column":5}},{"start":{},"end":{}}]},"1":{"loc":{"start":{"line":5,"column":8},"end":{"line":5,"column":43}},"type":"binary-expr","locations":[{"start":{"line":5,"column":8},"end":{"line":5,"column":14}},{"start":{"line":5,"column":18},"end":{"line":5,"column":43}}]},"2":{"loc":{"start":{"line":8,"column":4},"end":{"line":10,"column":5}},"type":"if","locations":[{"start":{"line":8,"column":4},"end":{"line":10,"column":5}},{"start":{},"end":{}}]}},"s":{"0":21,"1":22,"2":1,"3":21,"4":0,"5":21,"6":5},"f":{"0":21,"1":22},"b":{"0":[1,21],"1":[22,21],"2":[0,21]}}
,"C:\\Users\\giova\\Desktop\\trabalhoweb\\Docker\\src\\domain\\value-objects\\Email.ts": {"path":"C:\\Users\\giova\\Desktop\\trabalhoweb\\Docker\\src\\domain\\value-objects\\Email.ts","statementMap":{"0":{"start":{"line":2,"column":33},"end":{"line":2,"column":46}},"1":{"start":{"line":5,"column":8},"end":{"line":7,"column":9}},"2":{"start":{"line":6,"column":12},"end":{"line":6,"column":null}},"3":{"start":{"line":8,"column":8},"end":{"line":8,"column":null}},"4":{"start":{"line":12,"column":27},"end":{"line":12,"column":78}},"5":{"start":{"line":13,"column":8},"end":{"line":13,"column":null}},"6":{"start":{"line":1,"column":0},"end":{"line":1,"column":13}}},"fnMap":{"0":{"name":"(anonymous_0)","decl":{"start":{"line":2,"column":4},"end":{"line":2,"column":33}},"loc":{"start":{"line":2,"column":46},"end":{"line":2,"column":51}}},"1":{"name":"(anonymous_1)","decl":{"start":{"line":4,"column":4},"end":{"line":4,"column":10}},"loc":{"start":{"line":4,"column":31},"end":{"line":9,"column":5}}},"2":{"name":"(anonymous_2)","decl":{"start":{"line":11,"column":12},"end":{"line":11,"column":18}},"loc":{"start":{"line":11,"column":41},"end":{"line":14,"column":5}}}},"branchMap":{"0":{"loc":{"start":{"line":5,"column":8},"end":{"line":7,"column":9}},"type":"if","locations":[{"start":{"line":5,"column":8},"end":{"line":7,"column":9}},{"start":{},"end":{}}]}},"s":{"0":24,"1":25,"2":1,"3":24,"4":25,"5":25,"6":6},"f":{"0":24,"1":25,"2":25},"b":{"0":[1,24]}}
,"C:\\Users\\giova\\Desktop\\trabalhoweb\\Docker\\src\\domain\\value-objects\\Jogo.ts": {"path":"C:\\Users\\giova\\Desktop\\trabalhoweb\\Docker\\src\\domain\\value-objects\\Jogo.ts","statementMap":{"0":{"start":{"line":1,"column":0},"end":{"line":1,"column":40}},"1":{"start":{"line":3,"column":0},"end":{"line":3,"column":57}},"2":{"start":{"line":4,"column":0},"end":{"line":4,"column":55}},"3":{"start":{"line":5,"column":0},"end":{"line":5,"column":43}},"4":{"start":{"line":6,"column":0},"end":{"line":6,"column":65}},"5":{"start":{"line":9,"column":31},"end":{"line":9,"column":57}},"6":{"start":{"line":17,"column":82},"end":{"line":17,"column":88}},"7":{"start":{"line":19,"column":17},"end":{"line":24,"column":null}},"8":{"start":{"line":27,"column":4},"end":{"line":27,"column":41}},"9":{"start":{"line":29,"column":4},"end":{"line":29,"column":16}},"10":{"start":{"line":8,"column":0},"end":{"line":8,"column":13}}},"fnMap":{"0":{"name":"(anonymous_7)","decl":{"start":{"line":9,"column":2},"end":{"line":9,"column":31}},"loc":{"start":{"line":9,"column":57},"end":{"line":9,"column":61}}},"1":{"name":"(anonymous_8)","decl":{"start":{"line":11,"column":8},"end":{"line":11,"column":15}},"loc":{"start":{"line":16,"column":3},"end":{"line":30,"column":null}}}},"branchMap":{},"s":{"0":0,"1":0,"2":0,"3":0,"4":0,"5":0,"6":0,"7":0,"8":0,"9":0,"10":0},"f":{"0":0,"1":0},"b":{}}
,"C:\\Users\\giova\\Desktop\\trabalhoweb\\Docker\\src\\domain\\value-objects\\NomeDoJogo.ts": {"path":"C:\\Users\\giova\\Desktop\\trabalhoweb\\Docker\\src\\domain\\value-objects\\NomeDoJogo.ts","statementMap":{"0":{"start":{"line":2,"column":38},"end":{"line":2,"column":51}},"1":{"start":{"line":5,"column":4},"end":{"line":7,"column":5}},"2":{"start":{"line":6,"column":6},"end":{"line":6,"column":62}},"3":{"start":{"line":8,"column":4},"end":{"line":10,"column":5}},"4":{"start":{"line":9,"column":6},"end":{"line":9,"column":74}},"5":{"start":{"line":11,"column":4},"end":{"line":13,"column":5}},"6":{"start":{"line":12,"column":6},"end":{"line":12,"column":77}},"7":{"start":{"line":14,"column":4},"end":{"line":14,"column":40}},"8":{"start":{"line":1,"column":0},"end":{"line":1,"column":13}}},"fnMap":{"0":{"name":"(anonymous_0)","decl":{"start":{"line":2,"column":2},"end":{"line":2,"column":38}},"loc":{"start":{"line":2,"column":51},"end":{"line":2,"column":55}}},"1":{"name":"(anonymous_1)","decl":{"start":{"line":4,"column":2},"end":{"line":4,"column":8}},"loc":{"start":{"line":4,"column":29},"end":{"line":15,"column":3}}}},"branchMap":{"0":{"loc":{"start":{"line":5,"column":4},"end":{"line":7,"column":5}},"type":"if","locations":[{"start":{"line":5,"column":4},"end":{"line":7,"column":5}},{"start":{},"end":{}}]},"1":{"loc":{"start":{"line":5,"column":8},"end":{"line":5,"column":43}},"type":"binary-expr","locations":[{"start":{"line":5,"column":8},"end":{"line":5,"column":14}},{"start":{"line":5,"column":18},"end":{"line":5,"column":43}}]},"2":{"loc":{"start":{"line":8,"column":4},"end":{"line":10,"column":5}},"type":"if","locations":[{"start":{"line":8,"column":4},"end":{"line":10,"column":5}},{"start":{},"end":{}}]},"3":{"loc":{"start":{"line":11,"column":4},"end":{"line":13,"column":5}},"type":"if","locations":[{"start":{"line":11,"column":4},"end":{"line":13,"column":5}},{"start":{},"end":{}}]}},"s":{"0":21,"1":23,"2":1,"3":22,"4":0,"5":22,"6":1,"7":21,"8":5},"f":{"0":21,"1":23},"b":{"0":[1,22],"1":[23,23],"2":[0,22],"3":[1,21]}}
,"C:\\Users\\giova\\Desktop\\trabalhoweb\\Docker\\src\\domain\\value-objects\\Password.ts": {"path":"C:\\Users\\giova\\Desktop\\trabalhoweb\\Docker\\src\\domain\\value-objects\\Password.ts","statementMap":{"0":{"start":{"line":2,"column":33},"end":{"line":2,"column":46}},"1":{"start":{"line":5,"column":8},"end":{"line":5,"column":null}},"2":{"start":{"line":6,"column":8},"end":{"line":6,"column":null}},"3":{"start":{"line":10,"column":8},"end":{"line":20,"column":9}},"4":{"start":{"line":11,"column":12},"end":{"line":11,"column":null}},"5":{"start":{"line":12,"column":15},"end":{"line":20,"column":9}},"6":{"start":{"line":13,"column":12},"end":{"line":13,"column":null}},"7":{"start":{"line":14,"column":15},"end":{"line":20,"column":9}},"8":{"start":{"line":15,"column":12},"end":{"line":15,"column":null}},"9":{"start":{"line":16,"column":15},"end":{"line":20,"column":9}},"10":{"start":{"line":17,"column":12},"end":{"line":17,"column":null}},"11":{"start":{"line":18,"column":15},"end":{"line":20,"column":9}},"12":{"start":{"line":19,"column":12},"end":{"line":19,"column":84}},"13":{"start":{"line":21,"column":8},"end":{"line":21,"column":null}},"14":{"start":{"line":1,"column":0},"end":{"line":1,"column":13}}},"fnMap":{"0":{"name":"(anonymous_0)","decl":{"start":{"line":2,"column":4},"end":{"line":2,"column":33}},"loc":{"start":{"line":2,"column":46},"end":{"line":2,"column":51}}},"1":{"name":"(anonymous_1)","decl":{"start":{"line":4,"column":4},"end":{"line":4,"column":10}},"loc":{"start":{"line":4,"column":30},"end":{"line":7,"column":5}}},"2":{"name":"(anonymous_2)","decl":{"start":{"line":9,"column":12},"end":{"line":9,"column":18}},"loc":{"start":{"line":9,"column":40},"end":{"line":22,"column":5}}}},"branchMap":{"0":{"loc":{"start":{"line":10,"column":8},"end":{"line":20,"column":9}},"type":"if","locations":[{"start":{"line":10,"column":8},"end":{"line":20,"column":9}},{"start":{"line":12,"column":15},"end":{"line":20,"column":9}}]},"1":{"loc":{"start":{"line":12,"column":15},"end":{"line":20,"column":9}},"type":"if","locations":[{"start":{"line":12,"column":15},"end":{"line":20,"column":9}},{"start":{"line":14,"column":15},"end":{"line":20,"column":9}}]},"2":{"loc":{"start":{"line":14,"column":15},"end":{"line":20,"column":9}},"type":"if","locations":[{"start":{"line":14,"column":15},"end":{"line":20,"column":9}},{"start":{"line":16,"column":15},"end":{"line":20,"column":9}}]},"3":{"loc":{"start":{"line":16,"column":15},"end":{"line":20,"column":9}},"type":"if","locations":[{"start":{"line":16,"column":15},"end":{"line":20,"column":9}},{"start":{"line":18,"column":15},"end":{"line":20,"column":9}}]},"4":{"loc":{"start":{"line":18,"column":15},"end":{"line":20,"column":9}},"type":"if","locations":[{"start":{"line":18,"column":15},"end":{"line":20,"column":9}},{"start":{},"end":{}}]}},"s":{"0":23,"1":28,"2":23,"3":28,"4":1,"5":27,"6":1,"7":26,"8":1,"9":25,"10":1,"11":24,"12":1,"13":23,"14":6},"f":{"0":23,"1":28,"2":28},"b":{"0":[1,27],"1":[1,26],"2":[1,25],"3":[1,24],"4":[1,23]}}
,"C:\\Users\\giova\\Desktop\\trabalhoweb\\Docker\\src\\domain\\value-objects\\URL.ts": {"path":"C:\\Users\\giova\\Desktop\\trabalhoweb\\Docker\\src\\domain\\value-objects\\URL.ts","statementMap":{"0":{"start":{"line":2,"column":38},"end":{"line":2,"column":51}},"1":{"start":{"line":5,"column":4},"end":{"line":10,"column":5}},"2":{"start":{"line":6,"column":6},"end":{"line":6,"column":32}},"3":{"start":{"line":7,"column":6},"end":{"line":7,"column":28}},"4":{"start":{"line":9,"column":6},"end":{"line":9,"column":39}},"5":{"start":{"line":1,"column":0},"end":{"line":1,"column":13}}},"fnMap":{"0":{"name":"(anonymous_0)","decl":{"start":{"line":2,"column":2},"end":{"line":2,"column":38}},"loc":{"start":{"line":2,"column":51},"end":{"line":2,"column":55}}},"1":{"name":"(anonymous_1)","decl":{"start":{"line":4,"column":2},"end":{"line":4,"column":8}},"loc":{"start":{"line":4,"column":29},"end":{"line":11,"column":3}}}},"branchMap":{},"s":{"0":18,"1":21,"2":21,"3":18,"4":3,"5":5},"f":{"0":18,"1":21},"b":{}}
,"C:\\Users\\giova\\Desktop\\trabalhoweb\\Docker\\src\\infra\\mocks\\MockJogoRepository.ts": {"path":"C:\\Users\\giova\\Desktop\\trabalhoweb\\Docker\\src\\infra\\mocks\\MockJogoRepository.ts","statementMap":{"0":{"start":{"line":2,"column":0},"end":{"line":2,"column":50}},"1":{"start":{"line":4,"column":0},"end":{"line":4,"column":67}},"2":{"start":{"line":5,"column":0},"end":{"line":5,"column":65}},"3":{"start":{"line":6,"column":0},"end":{"line":6,"column":53}},"4":{"start":{"line":7,"column":0},"end":{"line":7,"column":75}},"5":{"start":{"line":12,"column":10},"end":{"line":27,"column":4}},"6":{"start":{"line":32,"column":4},"end":{"line":34,"column":5}},"7":{"start":{"line":33,"column":6},"end":{"line":33,"column":61}},"8":{"start":{"line":35,"column":4},"end":{"line":35,"column":39}},"9":{"start":{"line":39,"column":4},"end":{"line":39,"column":26}},"10":{"start":{"line":43,"column":4},"end":{"line":43,"column":67}},"11":{"start":{"line":43,"column":35},"end":{"line":43,"column":57}},"12":{"start":{"line":47,"column":4},"end":{"line":47,"column":22}},"13":{"start":{"line":51,"column":22},"end":{"line":51,"column":73}},"14":{"start":{"line":51,"column":48},"end":{"line":51,"column":72}},"15":{"start":{"line":52,"column":4},"end":{"line":54,"column":5}},"16":{"start":{"line":53,"column":6},"end":{"line":53,"column":35}},"17":{"start":{"line":58,"column":4},"end":{"line":58,"column":67}},"18":{"start":{"line":58,"column":43},"end":{"line":58,"column":65}},"19":{"start":{"line":62,"column":23},"end":{"line":62,"column":47}},"20":{"start":{"line":64,"column":4},"end":{"line":66,"column":6}},"21":{"start":{"line":65,"column":6},"end":{"line":65,"column":62}},"22":{"start":{"line":70,"column":22},"end":{"line":70,"column":64}},"23":{"start":{"line":72,"column":4},"end":{"line":74,"column":14}},"24":{"start":{"line":73,"column":6},"end":{"line":73,"column":73}},"25":{"start":{"line":78,"column":4},"end":{"line":78,"column":20}},"26":{"start":{"line":9,"column":0},"end":{"line":9,"column":13}}},"fnMap":{"0":{"name":"(anonymous_7)","decl":{"start":{"line":29,"column":2},"end":{"line":29,"column":25}},"loc":{"start":{"line":29,"column":2},"end":{"line":29,"column":26}}},"1":{"name":"(anonymous_8)","decl":{"start":{"line":31,"column":9},"end":{"line":31,"column":15}},"loc":{"start":{"line":31,"column":27},"end":{"line":36,"column":3}}},"2":{"name":"(anonymous_9)","decl":{"start":{"line":38,"column":8},"end":{"line":38,"column":12}},"loc":{"start":{"line":38,"column":23},"end":{"line":40,"column":null}}},"3":{"name":"(anonymous_11)","decl":{"start":{"line":42,"column":8},"end":{"line":42,"column":16}},"loc":{"start":{"line":42,"column":31},"end":{"line":44,"column":null}}},"4":{"name":"(anonymous_13)","decl":{"start":{"line":43,"column":27},"end":{"line":43,"column":31}},"loc":{"start":{"line":43,"column":35},"end":{"line":43,"column":57}}},"5":{"name":"(anonymous_14)","decl":{"start":{"line":46,"column":8},"end":{"line":46,"column":15}},"loc":{"start":{"line":46,"column":15},"end":{"line":48,"column":null}}},"6":{"name":"(anonymous_16)","decl":{"start":{"line":50,"column":8},"end":{"line":50,"column":14}},"loc":{"start":{"line":50,"column":25},"end":{"line":55,"column":null}}},"7":{"name":"(anonymous_18)","decl":{"start":{"line":51,"column":43},"end":{"line":51,"column":44}},"loc":{"start":{"line":51,"column":48},"end":{"line":51,"column":72}}},"8":{"name":"(anonymous_19)","decl":{"start":{"line":57,"column":8},"end":{"line":57,"column":14}},"loc":{"start":{"line":57,"column":29},"end":{"line":59,"column":null}}},"9":{"name":"(anonymous_21)","decl":{"start":{"line":58,"column":35},"end":{"line":58,"column":39}},"loc":{"start":{"line":58,"column":43},"end":{"line":58,"column":65}}},"10":{"name":"(anonymous_22)","decl":{"start":{"line":61,"column":8},"end":{"line":61,"column":22}},"loc":{"start":{"line":61,"column":41},"end":{"line":67,"column":null}}},"11":{"name":"(anonymous_24)","decl":{"start":{"line":64,"column":29},"end":{"line":64,"column":33}},"loc":{"start":{"line":65,"column":6},"end":{"line":65,"column":62}}},"12":{"name":"(anonymous_25)","decl":{"start":{"line":69,"column":8},"end":{"line":69,"column":28}},"loc":{"start":{"line":69,"column":49},"end":{"line":75,"column":null}}},"13":{"name":"(anonymous_27)","decl":{"start":{"line":72,"column":27},"end":{"line":72,"column":31}},"loc":{"start":{"line":73,"column":6},"end":{"line":73,"column":73}}},"14":{"name":"(anonymous_28)","decl":{"start":{"line":77,"column":9},"end":{"line":77,"column":14}},"loc":{"start":{"line":77,"column":14},"end":{"line":79,"column":3}}}},"branchMap":{"0":{"loc":{"start":{"line":32,"column":4},"end":{"line":34,"column":5}},"type":"if","locations":[{"start":{"line":32,"column":4},"end":{"line":34,"column":5}},{"start":{},"end":{}}]},"1":{"loc":{"start":{"line":43,"column":11},"end":{"line":43,"column":66}},"type":"binary-expr","locations":[{"start":{"line":43,"column":11},"end":{"line":43,"column":58}},{"start":{"line":43,"column":62},"end":{"line":43,"column":66}}]},"2":{"loc":{"start":{"line":52,"column":4},"end":{"line":54,"column":5}},"type":"if","locations":[{"start":{"line":52,"column":4},"end":{"line":54,"column":5}},{"start":{},"end":{}}]},"3":{"loc":{"start":{"line":72,"column":11},"end":{"line":74,"column":13}},"type":"binary-expr","locations":[{"start":{"line":72,"column":11},"end":{"line":73,"column":null}},{"start":{"line":74,"column":9},"end":{"line":74,"column":13}}]}},"s":{"0":4,"1":4,"2":4,"3":4,"4":4,"5":4,"6":14,"7":4,"8":14,"9":22,"10":12,"11":14,"12":2,"13":2,"14":2,"15":2,"16":2,"17":2,"18":3,"19":1,"20":1,"21":2,"22":1,"23":1,"24":2,"25":14,"26":4},"f":{"0":4,"1":14,"2":22,"3":12,"4":14,"5":2,"6":2,"7":2,"8":2,"9":3,"10":1,"11":2,"12":1,"13":2,"14":14},"b":{"0":[4,10],"1":[12,5],"2":[2,0],"3":[1,0]}}
,"C:\\Users\\giova\\Desktop\\trabalhoweb\\Docker\\src\\infra\\mocks\\MockUserRepository.ts": {"path":"C:\\Users\\giova\\Desktop\\trabalhoweb\\Docker\\src\\infra\\mocks\\MockUserRepository.ts","statementMap":{"0":{"start":{"line":3,"column":0},"end":{"line":3,"column":57}},"1":{"start":{"line":4,"column":0},"end":{"line":4,"column":63}},"2":{"start":{"line":8,"column":10},"end":{"line":16,"column":5}},"3":{"start":{"line":21,"column":4},"end":{"line":23,"column":5}},"4":{"start":{"line":22,"column":6},"end":{"line":22,"column":61}},"5":{"start":{"line":24,"column":4},"end":{"line":24,"column":39}},"6":{"start":{"line":28,"column":4},"end":{"line":28,"column":26}},"7":{"start":{"line":32,"column":4},"end":{"line":32,"column":71}},"8":{"start":{"line":32,"column":35},"end":{"line":32,"column":61}},"9":{"start":{"line":36,"column":4},"end":{"line":36,"column":59}},"10":{"start":{"line":36,"column":35},"end":{"line":36,"column":49}},"11":{"start":{"line":40,"column":22},"end":{"line":40,"column":65}},"12":{"start":{"line":40,"column":48},"end":{"line":40,"column":64}},"13":{"start":{"line":41,"column":4},"end":{"line":43,"column":5}},"14":{"start":{"line":42,"column":6},"end":{"line":42,"column":35}},"15":{"start":{"line":47,"column":4},"end":{"line":47,"column":59}},"16":{"start":{"line":47,"column":43},"end":{"line":47,"column":57}},"17":{"start":{"line":51,"column":4},"end":{"line":51,"column":20}},"18":{"start":{"line":6,"column":0},"end":{"line":6,"column":13}}},"fnMap":{"0":{"name":"(anonymous_7)","decl":{"start":{"line":18,"column":2},"end":{"line":18,"column":25}},"loc":{"start":{"line":18,"column":2},"end":{"line":18,"column":26}}},"1":{"name":"(anonymous_8)","decl":{"start":{"line":20,"column":9},"end":{"line":20,"column":15}},"loc":{"start":{"line":20,"column":27},"end":{"line":25,"column":3}}},"2":{"name":"(anonymous_9)","decl":{"start":{"line":27,"column":8},"end":{"line":27,"column":12}},"loc":{"start":{"line":27,"column":23},"end":{"line":29,"column":null}}},"3":{"name":"(anonymous_11)","decl":{"start":{"line":31,"column":8},"end":{"line":31,"column":19}},"loc":{"start":{"line":31,"column":33},"end":{"line":33,"column":null}}},"4":{"name":"(anonymous_13)","decl":{"start":{"line":32,"column":27},"end":{"line":32,"column":31}},"loc":{"start":{"line":32,"column":35},"end":{"line":32,"column":61}}},"5":{"name":"(anonymous_14)","decl":{"start":{"line":35,"column":8},"end":{"line":35,"column":16}},"loc":{"start":{"line":35,"column":27},"end":{"line":37,"column":null}}},"6":{"name":"(anonymous_16)","decl":{"start":{"line":36,"column":27},"end":{"line":36,"column":31}},"loc":{"start":{"line":36,"column":35},"end":{"line":36,"column":49}}},"7":{"name":"(anonymous_17)","decl":{"start":{"line":39,"column":8},"end":{"line":39,"column":14}},"loc":{"start":{"line":39,"column":25},"end":{"line":44,"column":null}}},"8":{"name":"(anonymous_19)","decl":{"start":{"line":40,"column":43},"end":{"line":40,"column":44}},"loc":{"start":{"line":40,"column":48},"end":{"line":40,"column":64}}},"9":{"name":"(anonymous_20)","decl":{"start":{"line":46,"column":8},"end":{"line":46,"column":14}},"loc":{"start":{"line":46,"column":25},"end":{"line":48,"column":null}}},"10":{"name":"(anonymous_22)","decl":{"start":{"line":47,"column":35},"end":{"line":47,"column":39}},"loc":{"start":{"line":47,"column":43},"end":{"line":47,"column":57}}},"11":{"name":"(anonymous_23)","decl":{"start":{"line":50,"column":9},"end":{"line":50,"column":14}},"loc":{"start":{"line":50,"column":14},"end":{"line":52,"column":3}}}},"branchMap":{"0":{"loc":{"start":{"line":21,"column":4},"end":{"line":23,"column":5}},"type":"if","locations":[{"start":{"line":21,"column":4},"end":{"line":23,"column":5}},{"start":{},"end":{}}]},"1":{"loc":{"start":{"line":32,"column":11},"end":{"line":32,"column":70}},"type":"binary-expr","locations":[{"start":{"line":32,"column":11},"end":{"line":32,"column":62}},{"start":{"line":32,"column":66},"end":{"line":32,"column":70}}]},"2":{"loc":{"start":{"line":36,"column":11},"end":{"line":36,"column":58}},"type":"binary-expr","locations":[{"start":{"line":36,"column":11},"end":{"line":36,"column":50}},{"start":{"line":36,"column":54},"end":{"line":36,"column":58}}]},"3":{"loc":{"start":{"line":41,"column":4},"end":{"line":43,"column":5}},"type":"if","locations":[{"start":{"line":41,"column":4},"end":{"line":43,"column":5}},{"start":{},"end":{}}]}},"s":{"0":5,"1":5,"2":5,"3":19,"4":5,"5":19,"6":28,"7":9,"8":9,"9":13,"10":14,"11":2,"12":2,"13":2,"14":2,"15":2,"16":3,"17":19,"18":5},"f":{"0":5,"1":19,"2":28,"3":9,"4":9,"5":13,"6":14,"7":2,"8":2,"9":2,"10":3,"11":19},"b":{"0":[5,14],"1":[9,4],"2":[13,6],"3":[2,0]}}
,"C:\\Users\\giova\\Desktop\\trabalhoweb\\Docker\\src\\test\\domain\\entities\\Jogo.Test.ts": {"path":"C:\\Users\\giova\\Desktop\\trabalhoweb\\Docker\\src\\test\\domain\\entities\\Jogo.Test.ts","statementMap":{"0":{"start":{"line":1,"column":0},"end":{"line":1,"column":53}},"1":{"start":{"line":2,"column":0},"end":{"line":2,"column":70}},"2":{"start":{"line":3,"column":0},"end":{"line":3,"column":68}},"3":{"start":{"line":4,"column":0},"end":{"line":4,"column":56}},"4":{"start":{"line":5,"column":0},"end":{"line":5,"column":78}},"5":{"start":{"line":7,"column":0},"end":{"line":47,"column":3}},"6":{"start":{"line":9,"column":17},"end":{"line":9,"column":20}},"7":{"start":{"line":10,"column":19},"end":{"line":10,"column":39}},"8":{"start":{"line":11,"column":24},"end":{"line":11,"column":95}},"9":{"start":{"line":12,"column":18},"end":{"line":12,"column":91}},"10":{"start":{"line":13,"column":29},"end":{"line":13,"column":51}},"11":{"start":{"line":15,"column":2},"end":{"line":30,"column":5}},"12":{"start":{"line":16,"column":17},"end":{"line":21,"column":null}},"13":{"start":{"line":24,"column":4},"end":{"line":24,"column":38}},"14":{"start":{"line":25,"column":4},"end":{"line":25,"column":37}},"15":{"start":{"line":26,"column":4},"end":{"line":26,"column":49}},"16":{"start":{"line":27,"column":4},"end":{"line":27,"column":53}},"17":{"start":{"line":28,"column":4},"end":{"line":28,"column":41}},"18":{"start":{"line":29,"column":4},"end":{"line":29,"column":83}},"19":{"start":{"line":33,"column":2},"end":{"line":45,"column":5}},"20":{"start":{"line":34,"column":30},"end":{"line":34,"column":32}},"21":{"start":{"line":36,"column":4},"end":{"line":44,"column":38}},"22":{"start":{"line":37,"column":8},"end":{"line":43,"column":10}}},"fnMap":{"0":{"name":"(anonymous_0)","decl":{"start":{"line":7,"column":17},"end":{"line":7,"column":20}},"loc":{"start":{"line":7,"column":22},"end":{"line":47,"column":1}}},"1":{"name":"(anonymous_1)","decl":{"start":{"line":15,"column":75},"end":{"line":15,"column":78}},"loc":{"start":{"line":15,"column":80},"end":{"line":30,"column":3}}},"2":{"name":"(anonymous_2)","decl":{"start":{"line":33,"column":69},"end":{"line":33,"column":72}},"loc":{"start":{"line":33,"column":74},"end":{"line":45,"column":3}}},"3":{"name":"(anonymous_3)","decl":{"start":{"line":36,"column":11},"end":{"line":36,"column":14}},"loc":{"start":{"line":36,"column":16},"end":{"line":44,"column":5}}}},"branchMap":{},"s":{"0":0,"1":0,"2":0,"3":0,"4":0,"5":0,"6":0,"7":0,"8":0,"9":0,"10":0,"11":0,"12":0,"13":0,"14":0,"15":0,"16":0,"17":0,"18":0,"19":0,"20":0,"21":0,"22":0},"f":{"0":0,"1":0,"2":0,"3":0},"b":{}}
,"C:\\Users\\giova\\Desktop\\trabalhoweb\\Docker\\src\\test\\domain\\entities\\User.Test.ts": {"path":"C:\\Users\\giova\\Desktop\\trabalhoweb\\Docker\\src\\test\\domain\\entities\\User.Test.ts","statementMap":{"0":{"start":{"line":1,"column":0},"end":{"line":1,"column":53}},"1":{"start":{"line":2,"column":0},"end":{"line":2,"column":60}},"2":{"start":{"line":3,"column":0},"end":{"line":3,"column":66}},"3":{"start":{"line":5,"column":0},"end":{"line":35,"column":3}},"4":{"start":{"line":6,"column":2},"end":{"line":22,"column":5}},"5":{"start":{"line":7,"column":19},"end":{"line":7,"column":29}},"6":{"start":{"line":8,"column":22},"end":{"line":8,"column":44}},"7":{"start":{"line":9,"column":25},"end":{"line":9,"column":42}},"8":{"start":{"line":11,"column":17},"end":{"line":14,"column":null}},"9":{"start":{"line":17,"column":4},"end":{"line":17,"column":38}},"10":{"start":{"line":19,"column":4},"end":{"line":19,"column":33}},"11":{"start":{"line":20,"column":4},"end":{"line":20,"column":45}},"12":{"start":{"line":21,"column":4},"end":{"line":21,"column":51}},"13":{"start":{"line":24,"column":2},"end":{"line":34,"column":5}},"14":{"start":{"line":25,"column":26},"end":{"line":25,"column":57}},"15":{"start":{"line":27,"column":4},"end":{"line":33,"column":32}},"16":{"start":{"line":28,"column":6},"end":{"line":32,"column":8}}},"fnMap":{"0":{"name":"(anonymous_0)","decl":{"start":{"line":5,"column":17},"end":{"line":5,"column":20}},"loc":{"start":{"line":5,"column":22},"end":{"line":35,"column":1}}},"1":{"name":"(anonymous_1)","decl":{"start":{"line":6,"column":48},"end":{"line":6,"column":51}},"loc":{"start":{"line":6,"column":53},"end":{"line":22,"column":3}}},"2":{"name":"(anonymous_2)","decl":{"start":{"line":24,"column":62},"end":{"line":24,"column":65}},"loc":{"start":{"line":24,"column":67},"end":{"line":34,"column":3}}},"3":{"name":"(anonymous_3)","decl":{"start":{"line":27,"column":11},"end":{"line":27,"column":14}},"loc":{"start":{"line":27,"column":16},"end":{"line":33,"column":5}}}},"branchMap":{},"s":{"0":0,"1":0,"2":0,"3":0,"4":0,"5":0,"6":0,"7":0,"8":0,"9":0,"10":0,"11":0,"12":0,"13":0,"14":0,"15":0,"16":0},"f":{"0":0,"1":0,"2":0,"3":0},"b":{}}
}
