TN:
SF:src\domain\entities\Jogo.ts
FN:7,(anonymous_0)
FN:14,(anonymous_1)
FNF:2
FNH:2
FNDA:18,(anonymous_0)
FNDA:18,(anonymous_1)
DA:6,4
DA:8,18
DA:9,18
DA:10,18
DA:11,18
DA:12,18
DA:21,18
LF:7
LH:7
BRF:0
BRH:0
end_of_record
TN:
SF:src\domain\entities\User.ts
FN:5,(anonymous_0)
FN:10,(anonymous_1)
FNF:2
FNH:2
FNDA:14,(anonymous_0)
FNDA:14,(anonymous_1)
DA:4,5
DA:6,14
DA:7,14
DA:8,14
DA:15,14
LF:5
LH:5
BRF:0
BRH:0
end_of_record
TN:
SF:src\domain\use-cases\DeleteUser.ts
FN:4,(anonymous_7)
FN:6,(anonymous_8)
FNF:2
FNH:2
FNDA:2,(anonymous_7)
FNDA:2,(anonymous_8)
DA:3,1
DA:4,2
DA:7,2
DA:9,2
DA:11,2
DA:12,1
DA:15,1
LF:7
LH:7
BRDA:11,0,0,1
BRDA:11,0,1,1
BRF:2
BRH:2
end_of_record
TN:
SF:src\domain\use-cases\EditJogo.ts
FN:9,(anonymous_7)
FN:11,(anonymous_8)
FNF:2
FNH:2
FNDA:2,(anonymous_7)
FNDA:2,(anonymous_8)
DA:1,1
DA:3,1
DA:4,1
DA:5,1
DA:6,1
DA:8,1
DA:9,2
DA:18,2
DA:20,2
DA:21,2
DA:22,1
DA:25,1
DA:26,1
DA:27,1
DA:28,1
DA:30,1
DA:38,1
DA:40,1
LF:18
LH:18
BRDA:21,0,0,1
BRDA:21,0,1,1
BRDA:25,1,0,1
BRDA:25,1,1,0
BRDA:26,2,0,1
BRDA:26,2,1,0
BRDA:27,3,0,0
BRDA:27,3,1,1
BRDA:28,4,0,0
BRDA:28,4,1,1
BRF:10
BRH:6
end_of_record
TN:
SF:src\domain\use-cases\LoginUser.ts
FN:5,(anonymous_7)
FN:7,(anonymous_8)
FN:31,(anonymous_10)
FNF:3
FNH:3
FNDA:3,(anonymous_7)
FNDA:3,(anonymous_8)
FNDA:2,(anonymous_10)
DA:4,1
DA:5,3
DA:11,3
DA:13,3
DA:15,3
DA:16,1
DA:19,2
DA:24,2
DA:25,2
DA:28,0
DA:35,2
LF:11
LH:10
BRDA:15,0,0,1
BRDA:15,0,1,2
BRDA:24,1,0,2
BRDA:24,1,1,0
BRF:4
BRH:3
end_of_record
TN:
SF:src\domain\use-cases\RegisterJogo.ts
FN:9,(anonymous_7)
FN:11,(anonymous_8)
FNF:2
FNH:2
FNDA:2,(anonymous_7)
FNDA:2,(anonymous_8)
DA:1,1
DA:3,1
DA:4,1
DA:5,1
DA:6,1
DA:8,1
DA:9,2
DA:17,2
DA:19,2
DA:20,2
DA:21,2
DA:22,1
DA:24,1
DA:26,1
DA:28,1
DA:30,1
LF:16
LH:16
BRF:0
BRH:0
end_of_record
TN:
SF:src\domain\use-cases\RegisterUser.ts
FN:7,(anonymous_7)
FN:9,(anonymous_8)
FN:34,(anonymous_10)
FNF:3
FNH:3
FNDA:2,(anonymous_7)
FNDA:3,(anonymous_8)
FNDA:2,(anonymous_10)
DA:1,1
DA:3,1
DA:4,1
DA:6,1
DA:7,2
DA:13,3
DA:15,3
DA:17,3
DA:18,1
DA:21,2
DA:23,2
DA:29,2
DA:31,2
DA:35,2
LF:14
LH:14
BRDA:17,0,0,1
BRDA:17,0,1,2
BRF:2
BRH:2
end_of_record
TN:
SF:src\domain\use-cases\RemoveJogo.ts
FN:4,(anonymous_7)
FN:6,(anonymous_8)
FNF:2
FNH:2
FNDA:2,(anonymous_7)
FNDA:2,(anonymous_8)
DA:3,1
DA:4,2
DA:7,2
DA:9,2
DA:10,1
DA:13,1
LF:6
LH:6
BRDA:9,0,0,1
BRDA:9,0,1,1
BRF:2
BRH:2
end_of_record
TN:
SF:src\domain\use-cases\UpdateUser.ts
FN:7,(anonymous_7)
FN:9,(anonymous_8)
FNF:2
FNH:2
FNDA:2,(anonymous_7)
FNDA:2,(anonymous_8)
DA:1,1
DA:3,1
DA:6,1
DA:7,2
DA:13,2
DA:15,2
DA:17,2
DA:18,1
DA:21,1
DA:23,1
DA:29,1
DA:31,1
LF:12
LH:12
BRDA:17,0,0,1
BRDA:17,0,1,1
BRDA:21,1,0,0
BRDA:21,1,1,1
BRF:4
BRH:3
end_of_record
TN:
SF:src\domain\value-objects\DataLancamento.ts
FN:2,(anonymous_0)
FN:4,(anonymous_1)
FNF:2
FNH:2
FNDA:17,(anonymous_0)
FNDA:19,(anonymous_1)
DA:1,5
DA:2,17
DA:5,19
DA:6,1
DA:9,18
DA:10,18
DA:11,1
DA:14,17
LF:8
LH:8
BRDA:5,0,0,1
BRDA:5,0,1,18
BRDA:5,1,0,19
BRDA:5,1,1,18
BRDA:10,2,0,1
BRDA:10,2,1,17
BRF:6
BRH:6
end_of_record
TN:
SF:src\domain\value-objects\Descricao.ts
FN:2,(anonymous_0)
FN:4,(anonymous_1)
FNF:2
FNH:2
FNDA:21,(anonymous_0)
FNDA:22,(anonymous_1)
DA:1,5
DA:2,21
DA:5,22
DA:6,1
DA:8,21
DA:9,0
DA:11,21
LF:7
LH:6
BRDA:5,0,0,1
BRDA:5,0,1,21
BRDA:5,1,0,22
BRDA:5,1,1,21
BRDA:8,2,0,0
BRDA:8,2,1,21
BRF:6
BRH:5
end_of_record
TN:
SF:src\domain\value-objects\Email.ts
FN:2,(anonymous_0)
FN:4,(anonymous_1)
FN:11,(anonymous_2)
FNF:3
FNH:3
FNDA:24,(anonymous_0)
FNDA:25,(anonymous_1)
FNDA:25,(anonymous_2)
DA:1,6
DA:2,24
DA:5,25
DA:6,1
DA:8,24
DA:12,25
DA:13,25
LF:7
LH:7
BRDA:5,0,0,1
BRDA:5,0,1,24
BRF:2
BRH:2
end_of_record
TN:
SF:src\domain\value-objects\Jogo.ts
FN:9,(anonymous_7)
FN:11,(anonymous_8)
FNF:2
FNH:0
FNDA:0,(anonymous_7)
FNDA:0,(anonymous_8)
DA:1,0
DA:3,0
DA:4,0
DA:5,0
DA:6,0
DA:8,0
DA:9,0
DA:17,0
DA:19,0
DA:27,0
DA:29,0
LF:11
LH:0
BRF:0
BRH:0
end_of_record
TN:
SF:src\domain\value-objects\NomeDoJogo.ts
FN:2,(anonymous_0)
FN:4,(anonymous_1)
FNF:2
FNH:2
FNDA:21,(anonymous_0)
FNDA:23,(anonymous_1)
DA:1,5
DA:2,21
DA:5,23
DA:6,1
DA:8,22
DA:9,0
DA:11,22
DA:12,1
DA:14,21
LF:9
LH:8
BRDA:5,0,0,1
BRDA:5,0,1,22
BRDA:5,1,0,23
BRDA:5,1,1,23
BRDA:8,2,0,0
BRDA:8,2,1,22
BRDA:11,3,0,1
BRDA:11,3,1,21
BRF:8
BRH:7
end_of_record
TN:
SF:src\domain\value-objects\Password.ts
FN:2,(anonymous_0)
FN:4,(anonymous_1)
FN:9,(anonymous_2)
FNF:3
FNH:3
FNDA:23,(anonymous_0)
FNDA:28,(anonymous_1)
FNDA:28,(anonymous_2)
DA:1,6
DA:2,23
DA:5,28
DA:6,23
DA:10,28
DA:11,1
DA:12,27
DA:13,1
DA:14,26
DA:15,1
DA:16,25
DA:17,1
DA:18,24
DA:19,1
DA:21,23
LF:15
LH:15
BRDA:10,0,0,1
BRDA:10,0,1,27
BRDA:12,1,0,1
BRDA:12,1,1,26
BRDA:14,2,0,1
BRDA:14,2,1,25
BRDA:16,3,0,1
BRDA:16,3,1,24
BRDA:18,4,0,1
BRDA:18,4,1,23
BRF:10
BRH:10
end_of_record
TN:
SF:src\domain\value-objects\URL.ts
FN:2,(anonymous_0)
FN:4,(anonymous_1)
FNF:2
FNH:2
FNDA:18,(anonymous_0)
FNDA:21,(anonymous_1)
DA:1,5
DA:2,18
DA:5,21
DA:6,21
DA:7,18
DA:9,3
LF:6
LH:6
BRF:0
BRH:0
end_of_record
TN:
SF:src\infra\mocks\MockJogoRepository.ts
FN:29,(anonymous_7)
FN:31,(anonymous_8)
FN:38,(anonymous_9)
FN:42,(anonymous_11)
FN:43,(anonymous_13)
FN:46,(anonymous_14)
FN:50,(anonymous_16)
FN:51,(anonymous_18)
FN:57,(anonymous_19)
FN:58,(anonymous_21)
FN:61,(anonymous_22)
FN:64,(anonymous_24)
FN:69,(anonymous_25)
FN:72,(anonymous_27)
FN:77,(anonymous_28)
FNF:15
FNH:15
FNDA:4,(anonymous_7)
FNDA:14,(anonymous_8)
FNDA:22,(anonymous_9)
FNDA:12,(anonymous_11)
FNDA:14,(anonymous_13)
FNDA:2,(anonymous_14)
FNDA:2,(anonymous_16)
FNDA:2,(anonymous_18)
FNDA:2,(anonymous_19)
FNDA:3,(anonymous_21)
FNDA:1,(anonymous_22)
FNDA:2,(anonymous_24)
FNDA:1,(anonymous_25)
FNDA:2,(anonymous_27)
FNDA:14,(anonymous_28)
DA:2,4
DA:4,4
DA:5,4
DA:6,4
DA:7,4
DA:9,4
DA:12,4
DA:32,14
DA:33,4
DA:35,14
DA:39,22
DA:43,14
DA:47,2
DA:51,2
DA:52,2
DA:53,2
DA:58,3
DA:62,1
DA:64,1
DA:65,2
DA:70,1
DA:72,1
DA:73,2
DA:78,14
LF:24
LH:24
BRDA:32,0,0,4
BRDA:32,0,1,10
BRDA:43,1,0,12
BRDA:43,1,1,5
BRDA:52,2,0,2
BRDA:52,2,1,0
BRDA:72,3,0,1
BRDA:72,3,1,0
BRF:8
BRH:6
end_of_record
TN:
SF:src\infra\mocks\MockUserRepository.ts
FN:18,(anonymous_7)
FN:20,(anonymous_8)
FN:27,(anonymous_9)
FN:31,(anonymous_11)
FN:32,(anonymous_13)
FN:35,(anonymous_14)
FN:36,(anonymous_16)
FN:39,(anonymous_17)
FN:40,(anonymous_19)
FN:46,(anonymous_20)
FN:47,(anonymous_22)
FN:50,(anonymous_23)
FNF:12
FNH:12
FNDA:5,(anonymous_7)
FNDA:19,(anonymous_8)
FNDA:28,(anonymous_9)
FNDA:9,(anonymous_11)
FNDA:9,(anonymous_13)
FNDA:13,(anonymous_14)
FNDA:14,(anonymous_16)
FNDA:2,(anonymous_17)
FNDA:2,(anonymous_19)
FNDA:2,(anonymous_20)
FNDA:3,(anonymous_22)
FNDA:19,(anonymous_23)
DA:3,5
DA:4,5
DA:6,5
DA:8,5
DA:21,19
DA:22,5
DA:24,19
DA:28,28
DA:32,9
DA:36,14
DA:40,2
DA:41,2
DA:42,2
DA:47,3
DA:51,19
LF:15
LH:15
BRDA:21,0,0,5
BRDA:21,0,1,14
BRDA:32,1,0,9
BRDA:32,1,1,4
BRDA:36,2,0,13
BRDA:36,2,1,6
BRDA:41,3,0,2
BRDA:41,3,1,0
BRF:8
BRH:7
end_of_record
TN:
SF:src\test\domain\entities\Jogo.Test.ts
FN:7,(anonymous_0)
FN:15,(anonymous_1)
FN:33,(anonymous_2)
FN:36,(anonymous_3)
FNF:4
FNH:0
FNDA:0,(anonymous_0)
FNDA:0,(anonymous_1)
FNDA:0,(anonymous_2)
FNDA:0,(anonymous_3)
DA:1,0
DA:2,0
DA:3,0
DA:4,0
DA:5,0
DA:7,0
DA:9,0
DA:10,0
DA:11,0
DA:12,0
DA:13,0
DA:15,0
DA:16,0
DA:24,0
DA:25,0
DA:26,0
DA:27,0
DA:28,0
DA:29,0
DA:33,0
DA:34,0
DA:36,0
DA:37,0
LF:23
LH:0
BRF:0
BRH:0
end_of_record
TN:
SF:src\test\domain\entities\User.Test.ts
FN:5,(anonymous_0)
FN:6,(anonymous_1)
FN:24,(anonymous_2)
FN:27,(anonymous_3)
FNF:4
FNH:0
FNDA:0,(anonymous_0)
FNDA:0,(anonymous_1)
FNDA:0,(anonymous_2)
FNDA:0,(anonymous_3)
DA:1,0
DA:2,0
DA:3,0
DA:5,0
DA:6,0
DA:7,0
DA:8,0
DA:9,0
DA:11,0
DA:17,0
DA:19,0
DA:20,0
DA:21,0
DA:24,0
DA:25,0
DA:27,0
DA:28,0
LF:17
LH:0
BRF:0
BRH:0
end_of_record
